<?xml version="1.0" encoding="UTF-8"?>
<testng-results skipped="0" failed="0" ignored="1" total="4" passed="3">
  <reporter-output>
  </reporter-output>
  <suite name="Default suite" duration-ms="5089" started-at="2020-10-16T12:08:36 IST" finished-at="2020-10-16T12:08:41 IST">
    <groups>
    </groups>
    <test name="Default test" duration-ms="5089" started-at="2020-10-16T12:08:36 IST" finished-at="2020-10-16T12:08:41 IST">
      <class name="Employeetestcasepackage.reqres">
        <test-method status="PASS" signature="setup()[pri:0, instance:Employeetestcasepackage.reqres@23faf8f2]" name="setup" is-config="true" duration-ms="100" started-at="2020-10-16T12:08:36 IST" finished-at="2020-10-16T12:08:36 IST">
          <reporter-output>
          </reporter-output>
        </test-method> <!-- setup -->
        <test-method status="PASS" signature="testingData()[pri:0, instance:Employeetestcasepackage.reqres@23faf8f2]" name="testingData" is-config="true" duration-ms="4894" started-at="2020-10-16T12:08:36 IST" finished-at="2020-10-16T12:08:41 IST">
          <reporter-output>
          </reporter-output>
        </test-method> <!-- testingData -->
        <test-method status="PASS" signature="checkdata()[pri:0, instance:Employeetestcasepackage.reqres@23faf8f2]" name="checkdata" duration-ms="33" started-at="2020-10-16T12:08:41 IST" finished-at="2020-10-16T12:08:41 IST">
          <reporter-output>
          </reporter-output>
        </test-method> <!-- checkdata -->
        <test-method status="PASS" signature="checkstatuscode()[pri:0, instance:Employeetestcasepackage.reqres@23faf8f2]" name="checkstatuscode" duration-ms="2" started-at="2020-10-16T12:08:41 IST" finished-at="2020-10-16T12:08:41 IST">
          <reporter-output>
          </reporter-output>
        </test-method> <!-- checkstatuscode -->
        <test-method status="PASS" signature="printheader()[pri:0, instance:Employeetestcasepackage.reqres@23faf8f2]" name="printheader" duration-ms="1" started-at="2020-10-16T12:08:41 IST" finished-at="2020-10-16T12:08:41 IST">
          <reporter-output>
          </reporter-output>
        </test-method> <!-- printheader -->
        <test-method status="PASS" signature="teardown()[pri:0, instance:Employeetestcasepackage.reqres@23faf8f2]" name="teardown" is-config="true" duration-ms="1" started-at="2020-10-16T12:08:41 IST" finished-at="2020-10-16T12:08:41 IST">
          <reporter-output>
          </reporter-output>
        </test-method> <!-- teardown -->
      </class> <!-- Employeetestcasepackage.reqres -->
    </test> <!-- Default test -->
  </suite> <!-- Default suite -->
</testng-results>
