<?xml version="1.0" encoding="UTF-8"?>
<!-- Generated by org.testng.reporters.JUnitXMLReporter -->
<testsuite hostname="NODLTP52066174" ignored="1" name="Default test" tests="3" failures="0" timestamp="2020-10-16T12:08:41 IST" time="5.089" errors="0">
  <testcase name="checkdata" time="0.033" classname="Employeetestcasepackage.reqres"/>
  <testcase name="checkstatuscode" time="0.002" classname="Employeetestcasepackage.reqres"/>
  <testcase name="printheader" time="0.001" classname="Employeetestcasepackage.reqres"/>
  <testcase name="checktime" time="0.0" classname="Employeetestcasepackage.reqres">
    <ignored/>
  </testcase> <!-- checktime -->
</testsuite> <!-- Default test -->
